2022-07-18 13:31:00,489 [Worker-1] INFO  c.g.t.t.d.PublishedGradleVersions - Gradle version information cache is not available. Remote download required.
2022-07-18 13:37:59,276 [Worker-11] INFO  o.e.m.c.i.l.LifecycleMappingFactory - Using org.maven.ide.eclipse.wtp.WarLifecycleMapping lifecycle mapping for MavenProject: learner_academy:learner_academy:0.0.1-SNAPSHOT @ E:\learner-academy\pom.xml.
2022-07-18 13:37:59,276 [Worker-12] INFO  o.e.m.c.i.l.LifecycleMappingFactory - Using org.maven.ide.eclipse.wtp.WarLifecycleMapping lifecycle mapping for MavenProject: learner_academy:learner_academy:0.0.1-SNAPSHOT @ E:\learner-academy\pom.xml.
2022-07-18 13:38:13,976 [Worker-11] WARN  o.e.m.c.i.embedder.EclipseLogger - Using platform encoding (Cp1252 actually) to copy filtered resources, i.e. build is platform dependent!
2022-07-18 13:38:13,981 [Worker-11] INFO  o.e.m.c.i.embedder.EclipseLogger - skip non existing resourceDirectory E:\learner-academy\src\main\resources
2022-07-18 13:38:13,985 [Worker-11] WARN  o.e.m.c.i.embedder.EclipseLogger - Using platform encoding (Cp1252 actually) to copy filtered resources, i.e. build is platform dependent!
2022-07-18 13:38:14,007 [Worker-11] INFO  o.e.m.c.i.embedder.EclipseLogger - skip non existing resourceDirectory E:\learner-academy\src\test\resources
2022-07-18 13:38:18,363 [Worker-11] INFO  o.e.m.c.i.l.LifecycleMappingFactory - Using org.maven.ide.eclipse.wtp.WarLifecycleMapping lifecycle mapping for MavenProject: learner_academy:learner_academy:0.0.1-SNAPSHOT @ E:\learner-academy\pom.xml.
2022-07-18 13:38:18,396 [Worker-17] WARN  o.e.m.c.i.embedder.EclipseLogger - Using platform encoding (Cp1252 actually) to copy filtered resources, i.e. build is platform dependent!
2022-07-18 13:38:18,443 [Worker-17] INFO  o.e.m.c.i.embedder.EclipseLogger - skip non existing resourceDirectory E:\learner-academy\src\main\resources
2022-07-18 13:38:18,449 [Worker-17] WARN  o.e.m.c.i.embedder.EclipseLogger - Using platform encoding (Cp1252 actually) to copy filtered resources, i.e. build is platform dependent!
2022-07-18 13:38:18,451 [Worker-17] INFO  o.e.m.c.i.embedder.EclipseLogger - skip non existing resourceDirectory E:\learner-academy\src\test\resources
2022-07-18 13:38:20,969 [Worker-14] WARN  o.e.m.c.i.embedder.EclipseLogger - Using platform encoding (Cp1252 actually) to copy filtered resources, i.e. build is platform dependent!
2022-07-18 13:38:21,144 [Worker-14] INFO  o.e.m.c.i.embedder.EclipseLogger - skip non existing resourceDirectory E:\learner-academy\src\main\resources
2022-07-18 13:38:21,147 [Worker-14] WARN  o.e.m.c.i.embedder.EclipseLogger - Using platform encoding (Cp1252 actually) to copy filtered resources, i.e. build is platform dependent!
2022-07-18 13:38:21,156 [Worker-14] INFO  o.e.m.c.i.embedder.EclipseLogger - skip non existing resourceDirectory E:\learner-academy\src\test\resources
2022-07-18 13:54:47,370 [Worker-37] WARN  o.e.m.c.i.embedder.EclipseLogger - Using platform encoding (Cp1252 actually) to copy filtered resources, i.e. build is platform dependent!
2022-07-18 13:54:47,373 [Worker-37] INFO  o.e.m.c.i.embedder.EclipseLogger - skip non existing resourceDirectory E:\learner-academy\src\main\resources
2022-07-18 13:54:47,377 [Worker-37] WARN  o.e.m.c.i.embedder.EclipseLogger - Using platform encoding (Cp1252 actually) to copy filtered resources, i.e. build is platform dependent!
2022-07-18 13:54:47,430 [Worker-37] INFO  o.e.m.c.i.embedder.EclipseLogger - skip non existing resourceDirectory E:\learner-academy\src\test\resources
2022-07-18 13:56:54,874 [Worker-33] WARN  o.e.m.c.i.embedder.EclipseLogger - Using platform encoding (Cp1252 actually) to copy filtered resources, i.e. build is platform dependent!
2022-07-18 13:56:54,877 [Worker-33] INFO  o.e.m.c.i.embedder.EclipseLogger - skip non existing resourceDirectory E:\learner-academy\src\main\resources
2022-07-18 13:56:54,881 [Worker-33] WARN  o.e.m.c.i.embedder.EclipseLogger - Using platform encoding (Cp1252 actually) to copy filtered resources, i.e. build is platform dependent!
2022-07-18 13:56:54,884 [Worker-33] INFO  o.e.m.c.i.embedder.EclipseLogger - skip non existing resourceDirectory E:\learner-academy\src\test\resources
2022-07-18 13:57:50,628 [Worker-40] INFO  o.e.m.c.i.p.ProjectConfigurationManager - Update started
2022-07-18 13:57:52,068 [Worker-40] INFO  o.e.m.c.i.l.LifecycleMappingFactory - Using org.maven.ide.eclipse.wtp.WarLifecycleMapping lifecycle mapping for MavenProject: learner_academy:learner_academy:0.0.1-SNAPSHOT @ E:\learner-academy\pom.xml.
2022-07-18 13:57:54,238 [Worker-40] INFO  o.e.m.j.i.AbstractJavaProjectConfigurator - Adding source folder /learner_academy/src
2022-07-18 13:57:54,239 [Worker-40] INFO  o.e.m.j.i.AbstractJavaProjectConfigurator - Not adding source folder /learner_academy/src/test/java because it overlaps with /learner_academy/src
2022-07-18 13:57:55,139 [Worker-40] INFO  o.e.m.w.i.f.ResourceFilteringBuildParticipant - Cleaning filtered folder for learner_academy
2022-07-18 13:57:55,149 [Worker-40] INFO  o.e.m.c.i.p.ProjectConfigurationManager - Update completed: 4 sec
2022-07-18 13:57:55,703 [Worker-40] WARN  o.e.m.c.i.embedder.EclipseLogger - Using platform encoding (Cp1252 actually) to copy filtered resources, i.e. build is platform dependent!
2022-07-18 13:57:55,706 [Worker-40] INFO  o.e.m.c.i.embedder.EclipseLogger - skip non existing resourceDirectory E:\learner-academy\src\main\resources
2022-07-18 13:57:55,711 [Worker-40] WARN  o.e.m.c.i.embedder.EclipseLogger - Using platform encoding (Cp1252 actually) to copy filtered resources, i.e. build is platform dependent!
2022-07-18 13:57:55,714 [Worker-40] INFO  o.e.m.c.i.embedder.EclipseLogger - skip non existing resourceDirectory E:\learner-academy\src\test\resources
2022-07-18 13:57:55,716 [Worker-40] INFO  o.e.m.w.i.f.ResourceFilteringBuildParticipant - Changed resources require a complete clean of filtered resources of learner_academy
2022-07-18 13:57:55,717 [Worker-40] INFO  o.e.m.w.i.f.ResourceFilteringBuildParticipant - Executing resource filtering for learner_academy
2022-07-18 13:57:55,731 [Worker-40] WARN  o.e.m.c.i.embedder.EclipseLogger - The POM for org.apache.maven.plugins:maven-clean-plugin:jar:2.5 is missing, no dependency information available
2022-07-18 13:57:55,764 [Worker-40] WARN  o.e.m.c.i.embedder.EclipseLogger - Using platform encoding (Cp1252 actually) to copy filtered resources, i.e. build is platform dependent!
2022-07-18 14:03:06,360 [Worker-45] WARN  o.e.m.c.i.embedder.EclipseLogger - Using platform encoding (Cp1252 actually) to copy filtered resources, i.e. build is platform dependent!
2022-07-18 14:03:06,363 [Worker-45] INFO  o.e.m.c.i.embedder.EclipseLogger - skip non existing resourceDirectory E:\learner-academy\src\main\resources
2022-07-18 14:03:06,366 [Worker-45] WARN  o.e.m.c.i.embedder.EclipseLogger - Using platform encoding (Cp1252 actually) to copy filtered resources, i.e. build is platform dependent!
2022-07-18 14:03:06,369 [Worker-45] INFO  o.e.m.c.i.embedder.EclipseLogger - skip non existing resourceDirectory E:\learner-academy\src\test\resources
2022-07-18 14:03:24,930 [Worker-45] INFO  o.e.m.c.i.p.ProjectConfigurationManager - Update started
2022-07-18 14:03:26,292 [Worker-45] INFO  o.e.m.c.i.l.LifecycleMappingFactory - Using org.maven.ide.eclipse.wtp.WarLifecycleMapping lifecycle mapping for MavenProject: learner_academy:learner_academy:0.0.1-SNAPSHOT @ E:\learner-academy\pom.xml.
2022-07-18 14:03:28,162 [Worker-45] INFO  o.e.m.j.i.AbstractJavaProjectConfigurator - Adding source folder /learner_academy/src
2022-07-18 14:03:28,165 [Worker-45] INFO  o.e.m.j.i.AbstractJavaProjectConfigurator - Not adding source folder /learner_academy/src/test/java because it overlaps with /learner_academy/src
2022-07-18 14:03:29,017 [Worker-45] INFO  o.e.m.w.i.f.ResourceFilteringBuildParticipant - Cleaning filtered folder for learner_academy
2022-07-18 14:03:29,024 [Worker-45] INFO  o.e.m.c.i.p.ProjectConfigurationManager - Update completed: 4 sec
2022-07-18 14:03:29,601 [Worker-37] WARN  o.e.m.c.i.embedder.EclipseLogger - Using platform encoding (Cp1252 actually) to copy filtered resources, i.e. build is platform dependent!
2022-07-18 14:03:29,604 [Worker-37] INFO  o.e.m.c.i.embedder.EclipseLogger - skip non existing resourceDirectory E:\learner-academy\src\main\resources
2022-07-18 14:03:29,610 [Worker-37] WARN  o.e.m.c.i.embedder.EclipseLogger - Using platform encoding (Cp1252 actually) to copy filtered resources, i.e. build is platform dependent!
2022-07-18 14:03:29,663 [Worker-37] INFO  o.e.m.c.i.embedder.EclipseLogger - skip non existing resourceDirectory E:\learner-academy\src\test\resources
2022-07-18 14:03:29,666 [Worker-37] INFO  o.e.m.w.i.f.ResourceFilteringBuildParticipant - Changed resources require a complete clean of filtered resources of learner_academy
2022-07-18 14:03:29,666 [Worker-37] INFO  o.e.m.w.i.f.ResourceFilteringBuildParticipant - Executing resource filtering for learner_academy
2022-07-18 14:03:29,678 [Worker-37] WARN  o.e.m.c.i.embedder.EclipseLogger - Using platform encoding (Cp1252 actually) to copy filtered resources, i.e. build is platform dependent!
2022-07-22 11:39:40,659 [Worker-1] INFO  c.g.t.t.d.PublishedGradleVersions - Gradle version information cache is out-of-date. Trying to update.
2022-07-22 11:40:53,875 [Worker-16] INFO  o.e.m.c.i.l.LifecycleMappingFactory - Using org.maven.ide.eclipse.wtp.WarLifecycleMapping lifecycle mapping for MavenProject: learner_academy:learner_academy:0.0.1-SNAPSHOT @ E:\learner-academy\pom.xml.
2022-07-22 11:40:53,875 [Worker-10] INFO  o.e.m.c.i.l.LifecycleMappingFactory - Using org.maven.ide.eclipse.wtp.WarLifecycleMapping lifecycle mapping for MavenProject: learner_academy:learner_academy:0.0.1-SNAPSHOT @ E:\learner-academy\pom.xml.
2022-07-22 11:41:09,092 [Worker-10] WARN  o.e.m.c.i.embedder.EclipseLogger - Using platform encoding (Cp1252 actually) to copy filtered resources, i.e. build is platform dependent!
2022-07-22 11:41:09,092 [Worker-10] INFO  o.e.m.c.i.embedder.EclipseLogger - skip non existing resourceDirectory E:\learner-academy\src\main\resources
2022-07-22 11:41:09,092 [Worker-10] WARN  o.e.m.c.i.embedder.EclipseLogger - Using platform encoding (Cp1252 actually) to copy filtered resources, i.e. build is platform dependent!
2022-07-22 11:41:09,108 [Worker-10] INFO  o.e.m.c.i.embedder.EclipseLogger - skip non existing resourceDirectory E:\learner-academy\src\test\resources
2022-07-22 11:41:10,736 [Worker-3] INFO  o.e.m.c.i.l.LifecycleMappingFactory - Using org.maven.ide.eclipse.wtp.WarLifecycleMapping lifecycle mapping for MavenProject: learner_academy:learner_academy:0.0.1-SNAPSHOT @ E:\learner-academy\pom.xml.
2022-07-22 11:41:12,643 [Worker-11] WARN  o.e.m.c.i.embedder.EclipseLogger - Using platform encoding (Cp1252 actually) to copy filtered resources, i.e. build is platform dependent!
2022-07-22 11:41:12,643 [Worker-11] INFO  o.e.m.c.i.embedder.EclipseLogger - skip non existing resourceDirectory E:\learner-academy\src\main\resources
2022-07-22 11:41:12,643 [Worker-11] WARN  o.e.m.c.i.embedder.EclipseLogger - Using platform encoding (Cp1252 actually) to copy filtered resources, i.e. build is platform dependent!
2022-07-22 11:41:12,658 [Worker-11] INFO  o.e.m.c.i.embedder.EclipseLogger - skip non existing resourceDirectory E:\learner-academy\src\test\resources
2022-07-22 11:43:22,670 [Worker-5] WARN  o.e.m.c.i.embedder.EclipseLogger - Using platform encoding (Cp1252 actually) to copy filtered resources, i.e. build is platform dependent!
2022-07-22 11:43:22,670 [Worker-5] INFO  o.e.m.c.i.embedder.EclipseLogger - skip non existing resourceDirectory E:\learner-academy\src\main\resources
2022-07-22 11:43:22,670 [Worker-5] WARN  o.e.m.c.i.embedder.EclipseLogger - Using platform encoding (Cp1252 actually) to copy filtered resources, i.e. build is platform dependent!
2022-07-22 11:43:22,685 [Worker-5] INFO  o.e.m.c.i.embedder.EclipseLogger - skip non existing resourceDirectory E:\learner-academy\src\test\resources
2022-07-22 11:44:18,302 [Worker-2] WARN  o.e.m.c.i.embedder.EclipseLogger - Using platform encoding (Cp1252 actually) to copy filtered resources, i.e. build is platform dependent!
2022-07-22 11:44:18,302 [Worker-2] INFO  o.e.m.c.i.embedder.EclipseLogger - skip non existing resourceDirectory E:\learner-academy\src\main\resources
2022-07-22 11:44:18,302 [Worker-2] WARN  o.e.m.c.i.embedder.EclipseLogger - Using platform encoding (Cp1252 actually) to copy filtered resources, i.e. build is platform dependent!
2022-07-22 11:44:18,302 [Worker-2] INFO  o.e.m.c.i.embedder.EclipseLogger - skip non existing resourceDirectory E:\learner-academy\src\test\resources
2022-07-22 11:53:57,191 [Worker-2] INFO  o.e.m.c.i.p.ProjectConfigurationManager - Update started
2022-07-22 11:54:05,256 [Worker-2] INFO  o.e.m.c.i.l.LifecycleMappingFactory - Using org.maven.ide.eclipse.wtp.WarLifecycleMapping lifecycle mapping for MavenProject: learner_academy:learner_academy:0.0.1-SNAPSHOT @ E:\learner-academy\pom.xml.
2022-07-22 11:54:10,697 [Worker-2] INFO  o.e.m.j.i.AbstractJavaProjectConfigurator - Adding source folder /learner_academy/src
2022-07-22 11:54:10,697 [Worker-2] INFO  o.e.m.j.i.AbstractJavaProjectConfigurator - Not adding source folder /learner_academy/src/test/java because it overlaps with /learner_academy/src
2022-07-22 11:54:11,579 [Worker-2] INFO  o.e.m.w.i.f.ResourceFilteringBuildParticipant - Cleaning filtered folder for learner_academy
2022-07-22 11:54:11,594 [Worker-2] INFO  o.e.m.c.i.p.ProjectConfigurationManager - Update completed: 14 sec
2022-07-22 11:54:12,313 [Worker-25] WARN  o.e.m.c.i.embedder.EclipseLogger - Using platform encoding (Cp1252 actually) to copy filtered resources, i.e. build is platform dependent!
2022-07-22 11:54:12,329 [Worker-25] INFO  o.e.m.c.i.embedder.EclipseLogger - skip non existing resourceDirectory E:\learner-academy\src\main\resources
2022-07-22 11:54:12,329 [Worker-25] WARN  o.e.m.c.i.embedder.EclipseLogger - Using platform encoding (Cp1252 actually) to copy filtered resources, i.e. build is platform dependent!
2022-07-22 11:54:12,329 [Worker-25] INFO  o.e.m.c.i.embedder.EclipseLogger - skip non existing resourceDirectory E:\learner-academy\src\test\resources
2022-07-22 11:54:12,329 [Worker-25] INFO  o.e.m.w.i.f.ResourceFilteringBuildParticipant - Changed resources require a complete clean of filtered resources of learner_academy
2022-07-22 11:54:12,329 [Worker-25] INFO  o.e.m.w.i.f.ResourceFilteringBuildParticipant - Executing resource filtering for learner_academy
2022-07-22 11:54:12,329 [Worker-25] WARN  o.e.m.c.i.embedder.EclipseLogger - The POM for org.apache.maven.plugins:maven-clean-plugin:jar:2.5 is missing, no dependency information available
2022-07-22 11:54:12,360 [Worker-25] WARN  o.e.m.c.i.embedder.EclipseLogger - Using platform encoding (Cp1252 actually) to copy filtered resources, i.e. build is platform dependent!
2022-07-22 12:05:32,303 [Worker-22] INFO  o.e.m.c.i.p.ProjectConfigurationManager - Update started
2022-07-22 12:05:32,693 [Worker-22] INFO  o.e.m.c.i.l.LifecycleMappingFactory - Using org.maven.ide.eclipse.wtp.WarLifecycleMapping lifecycle mapping for MavenProject: learner_academy:learner_academy:0.0.1-SNAPSHOT @ E:\learner-academy\pom.xml.
2022-07-22 12:05:33,569 [Worker-22] INFO  o.e.m.j.i.AbstractJavaProjectConfigurator - Adding source folder /learner_academy/src
2022-07-22 12:05:33,569 [Worker-22] INFO  o.e.m.j.i.AbstractJavaProjectConfigurator - Not adding source folder /learner_academy/src/test/java because it overlaps with /learner_academy/src
2022-07-22 12:05:34,053 [Worker-22] INFO  o.e.m.w.i.f.ResourceFilteringBuildParticipant - Cleaning filtered folder for learner_academy
2022-07-22 12:05:34,053 [Worker-22] INFO  o.e.m.c.i.p.ProjectConfigurationManager - Update completed: 1 sec
2022-07-22 12:05:34,460 [Worker-25] WARN  o.e.m.c.i.embedder.EclipseLogger - Using platform encoding (Cp1252 actually) to copy filtered resources, i.e. build is platform dependent!
2022-07-22 12:05:34,460 [Worker-25] INFO  o.e.m.c.i.embedder.EclipseLogger - skip non existing resourceDirectory E:\learner-academy\src\main\resources
2022-07-22 12:05:34,460 [Worker-25] WARN  o.e.m.c.i.embedder.EclipseLogger - Using platform encoding (Cp1252 actually) to copy filtered resources, i.e. build is platform dependent!
2022-07-22 12:05:34,460 [Worker-25] INFO  o.e.m.c.i.embedder.EclipseLogger - skip non existing resourceDirectory E:\learner-academy\src\test\resources
2022-07-22 12:05:34,460 [Worker-25] INFO  o.e.m.w.i.f.ResourceFilteringBuildParticipant - Changed resources require a complete clean of filtered resources of learner_academy
2022-07-22 12:05:34,460 [Worker-25] INFO  o.e.m.w.i.f.ResourceFilteringBuildParticipant - Executing resource filtering for learner_academy
2022-07-22 12:05:34,475 [Worker-25] WARN  o.e.m.c.i.embedder.EclipseLogger - Using platform encoding (Cp1252 actually) to copy filtered resources, i.e. build is platform dependent!
2022-07-22 12:08:10,523 [Worker-32] INFO  o.e.m.c.i.e.AbstractTransferListenerAdapter - Downloading https://repo.maven.apache.org/maven2/org/apache/maven/plugins/maven-compiler-plugin/3.7.0/maven-compiler-plugin-3.7.0.jar
2022-07-22 12:08:11,054 [Worker-32] INFO  o.e.m.c.i.e.AbstractTransferListenerAdapter - Downloaded https://repo.maven.apache.org/maven2/org/apache/maven/plugins/maven-compiler-plugin/3.7.0/maven-compiler-plugin-3.7.0.jar
2022-07-22 12:08:11,789 [Worker-32] INFO  o.e.m.c.i.e.AbstractTransferListenerAdapter - Downloading https://repo.maven.apache.org/maven2/org/apache/maven/plugins/maven-compiler-plugin/3.7.0/maven-compiler-plugin-3.7.0.pom
2022-07-22 12:08:12,008 [Worker-32] INFO  o.e.m.c.i.e.AbstractTransferListenerAdapter - Downloaded https://repo.maven.apache.org/maven2/org/apache/maven/plugins/maven-compiler-plugin/3.7.0/maven-compiler-plugin-3.7.0.pom
2022-07-22 12:08:12,414 [Worker-32] INFO  o.e.m.c.i.e.AbstractTransferListenerAdapter - Downloading https://repo.maven.apache.org/maven2/org/codehaus/plexus/plexus-java/0.9.2/plexus-java-0.9.2.pom
2022-07-22 12:08:12,633 [Worker-32] INFO  o.e.m.c.i.e.AbstractTransferListenerAdapter - Downloaded https://repo.maven.apache.org/maven2/org/codehaus/plexus/plexus-java/0.9.2/plexus-java-0.9.2.pom
2022-07-22 12:08:12,898 [Worker-32] INFO  o.e.m.c.i.e.AbstractTransferListenerAdapter - Downloading https://repo.maven.apache.org/maven2/org/codehaus/plexus/plexus-languages/0.9.2/plexus-languages-0.9.2.pom
2022-07-22 12:08:13,102 [Worker-32] INFO  o.e.m.c.i.e.AbstractTransferListenerAdapter - Downloaded https://repo.maven.apache.org/maven2/org/codehaus/plexus/plexus-languages/0.9.2/plexus-languages-0.9.2.pom
2022-07-22 12:08:13,320 [Worker-32] INFO  o.e.m.c.i.e.AbstractTransferListenerAdapter - Downloading https://repo.maven.apache.org/maven2/org/ow2/asm/asm/6.0_BETA/asm-6.0_BETA.pom
2022-07-22 12:08:13,539 [Worker-32] INFO  o.e.m.c.i.e.AbstractTransferListenerAdapter - Downloaded https://repo.maven.apache.org/maven2/org/ow2/asm/asm/6.0_BETA/asm-6.0_BETA.pom
2022-07-22 12:08:13,742 [Worker-32] INFO  o.e.m.c.i.e.AbstractTransferListenerAdapter - Downloading https://repo.maven.apache.org/maven2/org/ow2/asm/asm-parent/6.0_BETA/asm-parent-6.0_BETA.pom
2022-07-22 12:08:13,977 [Worker-32] INFO  o.e.m.c.i.e.AbstractTransferListenerAdapter - Downloaded https://repo.maven.apache.org/maven2/org/ow2/asm/asm-parent/6.0_BETA/asm-parent-6.0_BETA.pom
2022-07-22 12:08:14,196 [Worker-32] INFO  o.e.m.c.i.e.AbstractTransferListenerAdapter - Downloading https://repo.maven.apache.org/maven2/com/thoughtworks/qdox/qdox/2.0-M7/qdox-2.0-M7.pom
2022-07-22 12:08:14,430 [Worker-32] INFO  o.e.m.c.i.e.AbstractTransferListenerAdapter - Downloaded https://repo.maven.apache.org/maven2/com/thoughtworks/qdox/qdox/2.0-M7/qdox-2.0-M7.pom
2022-07-22 12:08:14,633 [Worker-32] INFO  o.e.m.c.i.e.AbstractTransferListenerAdapter - Downloading https://repo.maven.apache.org/maven2/org/codehaus/plexus/plexus-compiler-api/2.8.2/plexus-compiler-api-2.8.2.pom
2022-07-22 12:08:14,852 [Worker-32] INFO  o.e.m.c.i.e.AbstractTransferListenerAdapter - Downloaded https://repo.maven.apache.org/maven2/org/codehaus/plexus/plexus-compiler-api/2.8.2/plexus-compiler-api-2.8.2.pom
2022-07-22 12:08:15,071 [Worker-32] INFO  o.e.m.c.i.e.AbstractTransferListenerAdapter - Downloading https://repo.maven.apache.org/maven2/org/codehaus/plexus/plexus-compiler/2.8.2/plexus-compiler-2.8.2.pom
2022-07-22 12:08:15,290 [Worker-32] INFO  o.e.m.c.i.e.AbstractTransferListenerAdapter - Downloaded https://repo.maven.apache.org/maven2/org/codehaus/plexus/plexus-compiler/2.8.2/plexus-compiler-2.8.2.pom
2022-07-22 12:08:15,509 [Worker-32] INFO  o.e.m.c.i.e.AbstractTransferListenerAdapter - Downloading https://repo.maven.apache.org/maven2/org/codehaus/plexus/plexus-compiler-manager/2.8.2/plexus-compiler-manager-2.8.2.pom
2022-07-22 12:08:15,853 [Worker-32] INFO  o.e.m.c.i.e.AbstractTransferListenerAdapter - Downloaded https://repo.maven.apache.org/maven2/org/codehaus/plexus/plexus-compiler-manager/2.8.2/plexus-compiler-manager-2.8.2.pom
2022-07-22 12:08:16,056 [Worker-32] INFO  o.e.m.c.i.e.AbstractTransferListenerAdapter - Downloading https://repo.maven.apache.org/maven2/org/codehaus/plexus/plexus-compiler-javac/2.8.2/plexus-compiler-javac-2.8.2.pom
2022-07-22 12:08:16,275 [Worker-32] INFO  o.e.m.c.i.e.AbstractTransferListenerAdapter - Downloaded https://repo.maven.apache.org/maven2/org/codehaus/plexus/plexus-compiler-javac/2.8.2/plexus-compiler-javac-2.8.2.pom
2022-07-22 12:08:16,493 [Worker-32] INFO  o.e.m.c.i.e.AbstractTransferListenerAdapter - Downloading https://repo.maven.apache.org/maven2/org/codehaus/plexus/plexus-compilers/2.8.2/plexus-compilers-2.8.2.pom
2022-07-22 12:08:16,728 [Worker-32] INFO  o.e.m.c.i.e.AbstractTransferListenerAdapter - Downloaded https://repo.maven.apache.org/maven2/org/codehaus/plexus/plexus-compilers/2.8.2/plexus-compilers-2.8.2.pom
2022-07-22 12:08:16,978 [Worker-32] INFO  o.e.m.c.i.e.AbstractTransferListenerAdapter - Downloading https://repo.maven.apache.org/maven2/org/codehaus/plexus/plexus-java/0.9.2/plexus-java-0.9.2.jar
2022-07-22 12:08:17,400 [Worker-32] INFO  o.e.m.c.i.e.AbstractTransferListenerAdapter - Downloaded https://repo.maven.apache.org/maven2/org/codehaus/plexus/plexus-java/0.9.2/plexus-java-0.9.2.jar
2022-07-22 12:08:17,603 [Worker-32] INFO  o.e.m.c.i.e.AbstractTransferListenerAdapter - Downloading https://repo.maven.apache.org/maven2/org/ow2/asm/asm/6.0_BETA/asm-6.0_BETA.jar
2022-07-22 12:08:17,900 [Worker-32] INFO  o.e.m.c.i.e.AbstractTransferListenerAdapter - Downloaded https://repo.maven.apache.org/maven2/org/ow2/asm/asm/6.0_BETA/asm-6.0_BETA.jar
2022-07-22 12:08:18,088 [Worker-32] INFO  o.e.m.c.i.e.AbstractTransferListenerAdapter - Downloading https://repo.maven.apache.org/maven2/com/thoughtworks/qdox/qdox/2.0-M7/qdox-2.0-M7.jar
2022-07-22 12:08:18,768 [Worker-32] INFO  o.e.m.c.i.e.AbstractTransferListenerAdapter - Downloaded https://repo.maven.apache.org/maven2/com/thoughtworks/qdox/qdox/2.0-M7/qdox-2.0-M7.jar
2022-07-22 12:08:18,952 [Worker-32] INFO  o.e.m.c.i.e.AbstractTransferListenerAdapter - Downloading https://repo.maven.apache.org/maven2/org/codehaus/plexus/plexus-compiler-api/2.8.2/plexus-compiler-api-2.8.2.jar
2022-07-22 12:08:19,296 [Worker-32] INFO  o.e.m.c.i.e.AbstractTransferListenerAdapter - Downloaded https://repo.maven.apache.org/maven2/org/codehaus/plexus/plexus-compiler-api/2.8.2/plexus-compiler-api-2.8.2.jar
2022-07-22 12:08:19,499 [Worker-32] INFO  o.e.m.c.i.e.AbstractTransferListenerAdapter - Downloading https://repo.maven.apache.org/maven2/org/codehaus/plexus/plexus-compiler-manager/2.8.2/plexus-compiler-manager-2.8.2.jar
2022-07-22 12:08:19,765 [Worker-32] INFO  o.e.m.c.i.e.AbstractTransferListenerAdapter - Downloaded https://repo.maven.apache.org/maven2/org/codehaus/plexus/plexus-compiler-manager/2.8.2/plexus-compiler-manager-2.8.2.jar
2022-07-22 12:08:19,968 [Worker-32] INFO  o.e.m.c.i.e.AbstractTransferListenerAdapter - Downloading https://repo.maven.apache.org/maven2/org/codehaus/plexus/plexus-compiler-javac/2.8.2/plexus-compiler-javac-2.8.2.jar
2022-07-22 12:08:20,250 [Worker-32] INFO  o.e.m.c.i.e.AbstractTransferListenerAdapter - Downloaded https://repo.maven.apache.org/maven2/org/codehaus/plexus/plexus-compiler-javac/2.8.2/plexus-compiler-javac-2.8.2.jar
2022-07-22 12:08:22,000 [Worker-32] INFO  o.e.m.c.i.l.LifecycleMappingFactory - Using org.maven.ide.eclipse.wtp.WarLifecycleMapping lifecycle mapping for MavenProject: Learners_Academy:Learners_Academy:0.0.1-SNAPSHOT @ C:\Users\HRITHIK SANTHOSH\eclipse-workspace\Learners_Academy\pom.xml.
2022-07-22 12:08:25,831 [Worker-22] INFO  o.e.m.c.i.l.LifecycleMappingFactory - Using org.maven.ide.eclipse.wtp.WarLifecycleMapping lifecycle mapping for MavenProject: learner_academy:learner_academy:0.0.1-SNAPSHOT @ E:\learner-academy\pom.xml.
2022-07-22 12:08:25,862 [Worker-25] WARN  o.e.m.c.i.embedder.EclipseLogger - Using platform encoding (Cp1252 actually) to copy filtered resources, i.e. build is platform dependent!
2022-07-22 12:08:25,862 [Worker-25] INFO  o.e.m.c.i.embedder.EclipseLogger - skip non existing resourceDirectory C:\Users\HRITHIK SANTHOSH\eclipse-workspace\Learners_Academy\src\main\resources
2022-07-22 12:08:25,862 [Worker-25] WARN  o.e.m.c.i.embedder.EclipseLogger - Using platform encoding (Cp1252 actually) to copy filtered resources, i.e. build is platform dependent!
2022-07-22 12:08:25,862 [Worker-25] INFO  o.e.m.c.i.embedder.EclipseLogger - skip non existing resourceDirectory C:\Users\HRITHIK SANTHOSH\eclipse-workspace\Learners_Academy\src\test\resources
2022-07-22 12:08:25,893 [Worker-32] INFO  o.e.m.j.i.AbstractJavaProjectConfigurator - Adding source folder /Learners_Academy/src
2022-07-22 12:08:25,893 [Worker-32] INFO  o.e.m.j.i.AbstractJavaProjectConfigurator - Not adding source folder /Learners_Academy/src/test/java because it overlaps with /Learners_Academy/src
2022-07-22 12:08:29,723 [Worker-32] INFO  o.e.m.c.i.p.ProjectConfigurationManager - Update started
2022-07-22 12:08:30,141 [Worker-32] INFO  o.e.m.c.i.l.LifecycleMappingFactory - Using org.maven.ide.eclipse.wtp.WarLifecycleMapping lifecycle mapping for MavenProject: Learners_Academy:Learners_Academy:0.0.1-SNAPSHOT @ C:\Users\HRITHIK SANTHOSH\eclipse-workspace\Learners_Academy\pom.xml.
2022-07-22 12:08:31,039 [Worker-29] WARN  o.e.m.c.i.embedder.EclipseLogger - Using platform encoding (Cp1252 actually) to copy filtered resources, i.e. build is platform dependent!
2022-07-22 12:08:31,039 [Worker-29] INFO  o.e.m.c.i.embedder.EclipseLogger - skip non existing resourceDirectory C:\Users\HRITHIK SANTHOSH\eclipse-workspace\Learners_Academy\src\main\resources
2022-07-22 12:08:31,039 [Worker-29] WARN  o.e.m.c.i.embedder.EclipseLogger - Using platform encoding (Cp1252 actually) to copy filtered resources, i.e. build is platform dependent!
2022-07-22 12:08:31,039 [Worker-29] INFO  o.e.m.c.i.embedder.EclipseLogger - skip non existing resourceDirectory C:\Users\HRITHIK SANTHOSH\eclipse-workspace\Learners_Academy\src\test\resources
2022-07-22 12:08:31,039 [Worker-29] INFO  o.e.m.w.i.f.ResourceFilteringBuildParticipant - Changed resources require a complete clean of filtered resources of Learners_Academy
2022-07-22 12:08:31,039 [Worker-29] INFO  o.e.m.w.i.f.ResourceFilteringBuildParticipant - Executing resource filtering for Learners_Academy
2022-07-22 12:08:31,055 [Worker-29] WARN  o.e.m.c.i.embedder.EclipseLogger - Using platform encoding (Cp1252 actually) to copy filtered resources, i.e. build is platform dependent!
2022-07-22 12:08:31,102 [Worker-32] INFO  o.e.m.j.i.AbstractJavaProjectConfigurator - Adding source folder /Learners_Academy/src
2022-07-22 12:08:31,102 [Worker-32] INFO  o.e.m.j.i.AbstractJavaProjectConfigurator - Not adding source folder /Learners_Academy/src/test/java because it overlaps with /Learners_Academy/src
2022-07-22 12:08:31,367 [Worker-32] INFO  o.e.m.w.i.f.ResourceFilteringBuildParticipant - Cleaning filtered folder for Learners_Academy
2022-07-22 12:08:31,399 [Worker-32] INFO  o.e.m.c.i.p.ProjectConfigurationManager - Update completed: 1 sec
2022-07-22 12:08:31,508 [Worker-22] WARN  o.e.m.c.i.embedder.EclipseLogger - Using platform encoding (Cp1252 actually) to copy filtered resources, i.e. build is platform dependent!
2022-07-22 12:08:31,508 [Worker-22] INFO  o.e.m.c.i.embedder.EclipseLogger - skip non existing resourceDirectory C:\Users\HRITHIK SANTHOSH\eclipse-workspace\Learners_Academy\src\main\resources
2022-07-22 12:08:31,524 [Worker-22] WARN  o.e.m.c.i.embedder.EclipseLogger - Using platform encoding (Cp1252 actually) to copy filtered resources, i.e. build is platform dependent!
2022-07-22 12:08:31,524 [Worker-22] INFO  o.e.m.c.i.embedder.EclipseLogger - skip non existing resourceDirectory C:\Users\HRITHIK SANTHOSH\eclipse-workspace\Learners_Academy\src\test\resources
2022-07-22 12:08:31,524 [Worker-22] INFO  o.e.m.w.i.f.ResourceFilteringBuildParticipant - Changed resources require a complete clean of filtered resources of Learners_Academy
2022-07-22 12:08:31,524 [Worker-22] INFO  o.e.m.w.i.f.ResourceFilteringBuildParticipant - Executing resource filtering for Learners_Academy
2022-07-22 12:08:31,524 [Worker-22] WARN  o.e.m.c.i.embedder.EclipseLogger - Using platform encoding (Cp1252 actually) to copy filtered resources, i.e. build is platform dependent!
2022-07-22 12:08:31,571 [Worker-22] WARN  o.e.m.c.i.embedder.EclipseLogger - Using platform encoding (Cp1252 actually) to copy filtered resources, i.e. build is platform dependent!
2022-07-22 12:08:31,571 [Worker-22] INFO  o.e.m.c.i.embedder.EclipseLogger - skip non existing resourceDirectory E:\learner-academy\src\main\resources
2022-07-22 12:08:31,571 [Worker-22] WARN  o.e.m.c.i.embedder.EclipseLogger - Using platform encoding (Cp1252 actually) to copy filtered resources, i.e. build is platform dependent!
2022-07-22 12:08:31,571 [Worker-22] INFO  o.e.m.c.i.embedder.EclipseLogger - skip non existing resourceDirectory E:\learner-academy\src\test\resources
2022-07-22 12:09:49,747 [Worker-34] WARN  o.e.m.c.i.embedder.EclipseLogger - Using platform encoding (Cp1252 actually) to copy filtered resources, i.e. build is platform dependent!
2022-07-22 12:09:49,747 [Worker-34] INFO  o.e.m.c.i.embedder.EclipseLogger - skip non existing resourceDirectory C:\Users\HRITHIK SANTHOSH\eclipse-workspace\Learners_Academy\src\main\resources
2022-07-22 12:09:49,747 [Worker-34] WARN  o.e.m.c.i.embedder.EclipseLogger - Using platform encoding (Cp1252 actually) to copy filtered resources, i.e. build is platform dependent!
2022-07-22 12:09:49,762 [Worker-34] INFO  o.e.m.c.i.embedder.EclipseLogger - skip non existing resourceDirectory C:\Users\HRITHIK SANTHOSH\eclipse-workspace\Learners_Academy\src\test\resources
2022-07-22 12:10:39,975 [Worker-30] INFO  o.e.m.c.i.l.LifecycleMappingFactory - Using org.maven.ide.eclipse.wtp.WarLifecycleMapping lifecycle mapping for MavenProject: learner_academy:learner_academy:0.0.1-SNAPSHOT @ C:\Users\HRITHIK SANTHOSH\eclipse-workspace\Learners_Academy\pom.xml.
2022-07-22 12:10:40,319 [Worker-30] WARN  o.e.m.c.i.embedder.EclipseLogger - Using platform encoding (Cp1252 actually) to copy filtered resources, i.e. build is platform dependent!
2022-07-22 12:10:40,319 [Worker-30] INFO  o.e.m.c.i.embedder.EclipseLogger - skip non existing resourceDirectory C:\Users\HRITHIK SANTHOSH\eclipse-workspace\Learners_Academy\src\main\resources
2022-07-22 12:10:40,319 [Worker-30] WARN  o.e.m.c.i.embedder.EclipseLogger - Using platform encoding (Cp1252 actually) to copy filtered resources, i.e. build is platform dependent!
2022-07-22 12:10:40,319 [Worker-30] INFO  o.e.m.c.i.embedder.EclipseLogger - skip non existing resourceDirectory C:\Users\HRITHIK SANTHOSH\eclipse-workspace\Learners_Academy\src\test\resources
2022-07-22 12:10:40,319 [Worker-30] INFO  o.e.m.w.i.f.ResourceFilteringBuildParticipant - Changed resources require a complete clean of filtered resources of Learners_Academy
2022-07-22 12:10:40,319 [Worker-30] INFO  o.e.m.w.i.f.ResourceFilteringBuildParticipant - Executing resource filtering for Learners_Academy
2022-07-22 12:10:40,319 [Worker-30] WARN  o.e.m.c.i.embedder.EclipseLogger - Using platform encoding (Cp1252 actually) to copy filtered resources, i.e. build is platform dependent!
2022-07-22 12:10:40,632 [Worker-22] WARN  o.e.m.c.i.embedder.EclipseLogger - Using platform encoding (Cp1252 actually) to copy filtered resources, i.e. build is platform dependent!
2022-07-22 12:10:40,632 [Worker-22] INFO  o.e.m.c.i.embedder.EclipseLogger - skip non existing resourceDirectory C:\Users\HRITHIK SANTHOSH\eclipse-workspace\Learners_Academy\src\main\resources
2022-07-22 12:10:40,632 [Worker-22] WARN  o.e.m.c.i.embedder.EclipseLogger - Using platform encoding (Cp1252 actually) to copy filtered resources, i.e. build is platform dependent!
2022-07-22 12:10:40,632 [Worker-22] INFO  o.e.m.c.i.embedder.EclipseLogger - skip non existing resourceDirectory C:\Users\HRITHIK SANTHOSH\eclipse-workspace\Learners_Academy\src\test\resources
2022-07-22 12:11:24,782 [Worker-24] WARN  o.e.m.c.i.embedder.EclipseLogger - Using platform encoding (Cp1252 actually) to copy filtered resources, i.e. build is platform dependent!
2022-07-22 12:11:24,782 [Worker-24] INFO  o.e.m.c.i.embedder.EclipseLogger - skip non existing resourceDirectory C:\Users\HRITHIK SANTHOSH\eclipse-workspace\Learners_Academy\src\main\resources
2022-07-22 12:11:24,782 [Worker-24] WARN  o.e.m.c.i.embedder.EclipseLogger - Using platform encoding (Cp1252 actually) to copy filtered resources, i.e. build is platform dependent!
2022-07-22 12:11:24,782 [Worker-24] INFO  o.e.m.c.i.embedder.EclipseLogger - skip non existing resourceDirectory C:\Users\HRITHIK SANTHOSH\eclipse-workspace\Learners_Academy\src\test\resources
2022-07-22 12:11:33,313 [Worker-29] WARN  o.e.m.c.i.embedder.EclipseLogger - Using platform encoding (Cp1252 actually) to copy filtered resources, i.e. build is platform dependent!
2022-07-22 12:11:33,313 [Worker-29] INFO  o.e.m.c.i.embedder.EclipseLogger - skip non existing resourceDirectory C:\Users\HRITHIK SANTHOSH\eclipse-workspace\Learners_Academy\src\main\resources
2022-07-22 12:11:33,313 [Worker-29] WARN  o.e.m.c.i.embedder.EclipseLogger - Using platform encoding (Cp1252 actually) to copy filtered resources, i.e. build is platform dependent!
2022-07-22 12:11:33,313 [Worker-29] INFO  o.e.m.c.i.embedder.EclipseLogger - skip non existing resourceDirectory C:\Users\HRITHIK SANTHOSH\eclipse-workspace\Learners_Academy\src\test\resources
2022-07-22 12:11:48,871 [Worker-34] WARN  o.e.m.c.i.embedder.EclipseLogger - Using platform encoding (Cp1252 actually) to copy filtered resources, i.e. build is platform dependent!
2022-07-22 12:11:48,871 [Worker-34] INFO  o.e.m.c.i.embedder.EclipseLogger - skip non existing resourceDirectory C:\Users\HRITHIK SANTHOSH\eclipse-workspace\Learners_Academy\src\main\resources
2022-07-22 12:11:48,871 [Worker-34] WARN  o.e.m.c.i.embedder.EclipseLogger - Using platform encoding (Cp1252 actually) to copy filtered resources, i.e. build is platform dependent!
2022-07-22 12:11:48,871 [Worker-34] INFO  o.e.m.c.i.embedder.EclipseLogger - skip non existing resourceDirectory C:\Users\HRITHIK SANTHOSH\eclipse-workspace\Learners_Academy\src\test\resources
2022-07-22 12:11:58,470 [Worker-31] WARN  o.e.m.c.i.embedder.EclipseLogger - Using platform encoding (Cp1252 actually) to copy filtered resources, i.e. build is platform dependent!
2022-07-22 12:11:58,470 [Worker-31] INFO  o.e.m.c.i.embedder.EclipseLogger - skip non existing resourceDirectory C:\Users\HRITHIK SANTHOSH\eclipse-workspace\Learners_Academy\src\main\resources
2022-07-22 12:11:58,485 [Worker-31] WARN  o.e.m.c.i.embedder.EclipseLogger - Using platform encoding (Cp1252 actually) to copy filtered resources, i.e. build is platform dependent!
2022-07-22 12:11:58,486 [Worker-31] INFO  o.e.m.c.i.embedder.EclipseLogger - skip non existing resourceDirectory C:\Users\HRITHIK SANTHOSH\eclipse-workspace\Learners_Academy\src\test\resources
2022-07-22 12:12:22,072 [Worker-24] WARN  o.e.m.c.i.embedder.EclipseLogger - Using platform encoding (Cp1252 actually) to copy filtered resources, i.e. build is platform dependent!
2022-07-22 12:12:22,072 [Worker-24] INFO  o.e.m.c.i.embedder.EclipseLogger - skip non existing resourceDirectory C:\Users\HRITHIK SANTHOSH\eclipse-workspace\Learners_Academy\src\main\resources
2022-07-22 12:12:22,072 [Worker-24] WARN  o.e.m.c.i.embedder.EclipseLogger - Using platform encoding (Cp1252 actually) to copy filtered resources, i.e. build is platform dependent!
2022-07-22 12:12:22,088 [Worker-24] INFO  o.e.m.c.i.embedder.EclipseLogger - skip non existing resourceDirectory C:\Users\HRITHIK SANTHOSH\eclipse-workspace\Learners_Academy\src\test\resources
2022-07-22 12:12:31,010 [Worker-30] WARN  o.e.m.c.i.embedder.EclipseLogger - Using platform encoding (Cp1252 actually) to copy filtered resources, i.e. build is platform dependent!
2022-07-22 12:12:31,010 [Worker-30] INFO  o.e.m.c.i.embedder.EclipseLogger - skip non existing resourceDirectory C:\Users\HRITHIK SANTHOSH\eclipse-workspace\Learners_Academy\src\main\resources
2022-07-22 12:12:31,010 [Worker-30] WARN  o.e.m.c.i.embedder.EclipseLogger - Using platform encoding (Cp1252 actually) to copy filtered resources, i.e. build is platform dependent!
2022-07-22 12:12:31,010 [Worker-30] INFO  o.e.m.c.i.embedder.EclipseLogger - skip non existing resourceDirectory C:\Users\HRITHIK SANTHOSH\eclipse-workspace\Learners_Academy\src\test\resources
2022-07-22 12:12:49,681 [Worker-25] INFO  o.e.m.c.i.p.ProjectConfigurationManager - Update started
2022-07-22 12:12:50,030 [Worker-25] INFO  o.e.m.c.i.l.LifecycleMappingFactory - Using org.maven.ide.eclipse.wtp.WarLifecycleMapping lifecycle mapping for MavenProject: learner_academy:learner_academy:0.0.1-SNAPSHOT @ C:\Users\HRITHIK SANTHOSH\eclipse-workspace\Learners_Academy\pom.xml.
2022-07-22 12:12:50,780 [Worker-25] INFO  o.e.m.j.i.AbstractJavaProjectConfigurator - Adding source folder /Learners_Academy/src
2022-07-22 12:12:50,780 [Worker-25] INFO  o.e.m.j.i.AbstractJavaProjectConfigurator - Not adding source folder /Learners_Academy/src/test/java because it overlaps with /Learners_Academy/src
2022-07-22 12:12:51,546 [Worker-25] INFO  o.e.m.w.i.f.ResourceFilteringBuildParticipant - Cleaning filtered folder for Learners_Academy
2022-07-22 12:12:51,562 [Worker-25] INFO  o.e.m.c.i.p.ProjectConfigurationManager - Update completed: 1 sec
2022-07-22 12:12:52,062 [Worker-24] WARN  o.e.m.c.i.embedder.EclipseLogger - Using platform encoding (Cp1252 actually) to copy filtered resources, i.e. build is platform dependent!
2022-07-22 12:12:52,062 [Worker-24] INFO  o.e.m.c.i.embedder.EclipseLogger - skip non existing resourceDirectory C:\Users\HRITHIK SANTHOSH\eclipse-workspace\Learners_Academy\src\main\resources
2022-07-22 12:12:52,062 [Worker-24] WARN  o.e.m.c.i.embedder.EclipseLogger - Using platform encoding (Cp1252 actually) to copy filtered resources, i.e. build is platform dependent!
2022-07-22 12:12:52,078 [Worker-24] INFO  o.e.m.c.i.embedder.EclipseLogger - skip non existing resourceDirectory C:\Users\HRITHIK SANTHOSH\eclipse-workspace\Learners_Academy\src\test\resources
2022-07-22 12:12:52,078 [Worker-24] INFO  o.e.m.w.i.f.ResourceFilteringBuildParticipant - Changed resources require a complete clean of filtered resources of Learners_Academy
2022-07-22 12:12:52,078 [Worker-24] INFO  o.e.m.w.i.f.ResourceFilteringBuildParticipant - Executing resource filtering for Learners_Academy
2022-07-22 12:12:52,078 [Worker-24] WARN  o.e.m.c.i.embedder.EclipseLogger - Using platform encoding (Cp1252 actually) to copy filtered resources, i.e. build is platform dependent!
2022-07-22 12:13:15,962 [Worker-30] WARN  o.e.m.c.i.embedder.EclipseLogger - Using platform encoding (Cp1252 actually) to copy filtered resources, i.e. build is platform dependent!
2022-07-22 12:13:15,962 [Worker-30] INFO  o.e.m.c.i.embedder.EclipseLogger - skip non existing resourceDirectory C:\Users\HRITHIK SANTHOSH\eclipse-workspace\Learners_Academy\src\main\resources
2022-07-22 12:13:15,962 [Worker-30] WARN  o.e.m.c.i.embedder.EclipseLogger - Using platform encoding (Cp1252 actually) to copy filtered resources, i.e. build is platform dependent!
2022-07-22 12:13:15,977 [Worker-30] INFO  o.e.m.c.i.embedder.EclipseLogger - skip non existing resourceDirectory C:\Users\HRITHIK SANTHOSH\eclipse-workspace\Learners_Academy\src\test\resources
2022-07-22 12:13:33,575 [Worker-33] WARN  o.e.m.c.i.embedder.EclipseLogger - Using platform encoding (Cp1252 actually) to copy filtered resources, i.e. build is platform dependent!
2022-07-22 12:13:33,575 [Worker-33] INFO  o.e.m.c.i.embedder.EclipseLogger - skip non existing resourceDirectory C:\Users\HRITHIK SANTHOSH\eclipse-workspace\Learners_Academy\src\main\resources
2022-07-22 12:13:33,575 [Worker-33] WARN  o.e.m.c.i.embedder.EclipseLogger - Using platform encoding (Cp1252 actually) to copy filtered resources, i.e. build is platform dependent!
2022-07-22 12:13:33,575 [Worker-33] INFO  o.e.m.c.i.embedder.EclipseLogger - skip non existing resourceDirectory C:\Users\HRITHIK SANTHOSH\eclipse-workspace\Learners_Academy\src\test\resources
2022-07-22 12:13:48,326 [Worker-32] WARN  o.e.m.c.i.embedder.EclipseLogger - Using platform encoding (Cp1252 actually) to copy filtered resources, i.e. build is platform dependent!
2022-07-22 12:13:48,326 [Worker-32] INFO  o.e.m.c.i.embedder.EclipseLogger - skip non existing resourceDirectory C:\Users\HRITHIK SANTHOSH\eclipse-workspace\Learners_Academy\src\main\resources
2022-07-22 12:13:48,326 [Worker-32] WARN  o.e.m.c.i.embedder.EclipseLogger - Using platform encoding (Cp1252 actually) to copy filtered resources, i.e. build is platform dependent!
2022-07-22 12:13:48,342 [Worker-32] INFO  o.e.m.c.i.embedder.EclipseLogger - skip non existing resourceDirectory C:\Users\HRITHIK SANTHOSH\eclipse-workspace\Learners_Academy\src\test\resources
2022-07-22 12:14:01,928 [Worker-32] WARN  o.e.m.c.i.embedder.EclipseLogger - Using platform encoding (Cp1252 actually) to copy filtered resources, i.e. build is platform dependent!
2022-07-22 12:14:01,928 [Worker-32] INFO  o.e.m.c.i.embedder.EclipseLogger - skip non existing resourceDirectory C:\Users\HRITHIK SANTHOSH\eclipse-workspace\Learners_Academy\src\main\resources
2022-07-22 12:14:01,928 [Worker-32] WARN  o.e.m.c.i.embedder.EclipseLogger - Using platform encoding (Cp1252 actually) to copy filtered resources, i.e. build is platform dependent!
2022-07-22 12:14:01,944 [Worker-32] INFO  o.e.m.c.i.embedder.EclipseLogger - skip non existing resourceDirectory C:\Users\HRITHIK SANTHOSH\eclipse-workspace\Learners_Academy\src\test\resources
2022-07-22 12:14:36,937 [Worker-24] WARN  o.e.m.c.i.embedder.EclipseLogger - Using platform encoding (Cp1252 actually) to copy filtered resources, i.e. build is platform dependent!
2022-07-22 12:14:36,937 [Worker-24] INFO  o.e.m.c.i.embedder.EclipseLogger - skip non existing resourceDirectory C:\Users\HRITHIK SANTHOSH\eclipse-workspace\Learners_Academy\src\main\resources
2022-07-22 12:14:36,937 [Worker-24] WARN  o.e.m.c.i.embedder.EclipseLogger - Using platform encoding (Cp1252 actually) to copy filtered resources, i.e. build is platform dependent!
2022-07-22 12:14:36,937 [Worker-24] INFO  o.e.m.c.i.embedder.EclipseLogger - skip non existing resourceDirectory C:\Users\HRITHIK SANTHOSH\eclipse-workspace\Learners_Academy\src\test\resources
2022-07-22 12:14:50,730 [Worker-29] WARN  o.e.m.c.i.embedder.EclipseLogger - Using platform encoding (Cp1252 actually) to copy filtered resources, i.e. build is platform dependent!
2022-07-22 12:14:50,730 [Worker-29] INFO  o.e.m.c.i.embedder.EclipseLogger - skip non existing resourceDirectory C:\Users\HRITHIK SANTHOSH\eclipse-workspace\Learners_Academy\src\main\resources
2022-07-22 12:14:50,746 [Worker-29] WARN  o.e.m.c.i.embedder.EclipseLogger - Using platform encoding (Cp1252 actually) to copy filtered resources, i.e. build is platform dependent!
2022-07-22 12:14:50,746 [Worker-29] INFO  o.e.m.c.i.embedder.EclipseLogger - skip non existing resourceDirectory C:\Users\HRITHIK SANTHOSH\eclipse-workspace\Learners_Academy\src\test\resources
2022-07-22 12:17:11,385 [Worker-25] WARN  o.e.m.c.i.embedder.EclipseLogger - Using platform encoding (Cp1252 actually) to copy filtered resources, i.e. build is platform dependent!
2022-07-22 12:17:11,385 [Worker-25] INFO  o.e.m.c.i.embedder.EclipseLogger - skip non existing resourceDirectory C:\Users\HRITHIK SANTHOSH\eclipse-workspace\Learners_Academy\src\main\resources
2022-07-22 12:17:11,385 [Worker-25] WARN  o.e.m.c.i.embedder.EclipseLogger - Using platform encoding (Cp1252 actually) to copy filtered resources, i.e. build is platform dependent!
2022-07-22 12:17:11,393 [Worker-25] INFO  o.e.m.c.i.embedder.EclipseLogger - skip non existing resourceDirectory C:\Users\HRITHIK SANTHOSH\eclipse-workspace\Learners_Academy\src\test\resources
2022-07-22 12:18:28,734 [Worker-29] WARN  o.e.m.c.i.embedder.EclipseLogger - Using platform encoding (Cp1252 actually) to copy filtered resources, i.e. build is platform dependent!
2022-07-22 12:18:28,734 [Worker-29] INFO  o.e.m.c.i.embedder.EclipseLogger - skip non existing resourceDirectory C:\Users\HRITHIK SANTHOSH\eclipse-workspace\Learners_Academy\src\main\resources
2022-07-22 12:18:28,734 [Worker-29] WARN  o.e.m.c.i.embedder.EclipseLogger - Using platform encoding (Cp1252 actually) to copy filtered resources, i.e. build is platform dependent!
2022-07-22 12:18:28,734 [Worker-29] INFO  o.e.m.c.i.embedder.EclipseLogger - skip non existing resourceDirectory C:\Users\HRITHIK SANTHOSH\eclipse-workspace\Learners_Academy\src\test\resources
2022-07-22 12:18:43,412 [Worker-29] WARN  o.e.m.c.i.embedder.EclipseLogger - Using platform encoding (Cp1252 actually) to copy filtered resources, i.e. build is platform dependent!
2022-07-22 12:18:43,412 [Worker-29] INFO  o.e.m.c.i.embedder.EclipseLogger - skip non existing resourceDirectory C:\Users\HRITHIK SANTHOSH\eclipse-workspace\Learners_Academy\src\main\resources
2022-07-22 12:18:43,412 [Worker-29] WARN  o.e.m.c.i.embedder.EclipseLogger - Using platform encoding (Cp1252 actually) to copy filtered resources, i.e. build is platform dependent!
2022-07-22 12:18:43,428 [Worker-29] INFO  o.e.m.c.i.embedder.EclipseLogger - skip non existing resourceDirectory C:\Users\HRITHIK SANTHOSH\eclipse-workspace\Learners_Academy\src\test\resources
2022-07-22 12:20:16,271 [Worker-29] WARN  o.e.m.c.i.embedder.EclipseLogger - Using platform encoding (Cp1252 actually) to copy filtered resources, i.e. build is platform dependent!
2022-07-22 12:20:16,271 [Worker-29] INFO  o.e.m.c.i.embedder.EclipseLogger - skip non existing resourceDirectory C:\Users\HRITHIK SANTHOSH\eclipse-workspace\Learners_Academy\src\main\resources
2022-07-22 12:20:16,271 [Worker-29] WARN  o.e.m.c.i.embedder.EclipseLogger - Using platform encoding (Cp1252 actually) to copy filtered resources, i.e. build is platform dependent!
2022-07-22 12:20:16,271 [Worker-29] INFO  o.e.m.c.i.embedder.EclipseLogger - skip non existing resourceDirectory C:\Users\HRITHIK SANTHOSH\eclipse-workspace\Learners_Academy\src\test\resources
2022-07-22 12:21:08,791 [Worker-31] WARN  o.e.m.c.i.embedder.EclipseLogger - Using platform encoding (Cp1252 actually) to copy filtered resources, i.e. build is platform dependent!
2022-07-22 12:21:08,791 [Worker-31] INFO  o.e.m.c.i.embedder.EclipseLogger - skip non existing resourceDirectory C:\Users\HRITHIK SANTHOSH\eclipse-workspace\Learners_Academy\src\main\resources
2022-07-22 12:21:08,791 [Worker-31] WARN  o.e.m.c.i.embedder.EclipseLogger - Using platform encoding (Cp1252 actually) to copy filtered resources, i.e. build is platform dependent!
2022-07-22 12:21:08,791 [Worker-31] INFO  o.e.m.c.i.embedder.EclipseLogger - skip non existing resourceDirectory C:\Users\HRITHIK SANTHOSH\eclipse-workspace\Learners_Academy\src\test\resources
2022-07-22 12:22:06,226 [Worker-32] WARN  o.e.m.c.i.embedder.EclipseLogger - Using platform encoding (Cp1252 actually) to copy filtered resources, i.e. build is platform dependent!
2022-07-22 12:22:06,226 [Worker-32] INFO  o.e.m.c.i.embedder.EclipseLogger - skip non existing resourceDirectory C:\Users\HRITHIK SANTHOSH\eclipse-workspace\Learners_Academy\src\main\resources
2022-07-22 12:22:06,226 [Worker-32] WARN  o.e.m.c.i.embedder.EclipseLogger - Using platform encoding (Cp1252 actually) to copy filtered resources, i.e. build is platform dependent!
2022-07-22 12:22:06,226 [Worker-32] INFO  o.e.m.c.i.embedder.EclipseLogger - skip non existing resourceDirectory C:\Users\HRITHIK SANTHOSH\eclipse-workspace\Learners_Academy\src\test\resources
2022-07-22 12:22:30,964 [Worker-31] INFO  o.e.m.c.i.p.ProjectConfigurationManager - Update started
2022-07-22 12:22:31,308 [Worker-31] INFO  o.e.m.c.i.l.LifecycleMappingFactory - Using org.maven.ide.eclipse.wtp.WarLifecycleMapping lifecycle mapping for MavenProject: learner_academy:learner_academy:0.0.1-SNAPSHOT @ C:\Users\HRITHIK SANTHOSH\eclipse-workspace\Learners_Academy\pom.xml.
2022-07-22 12:22:32,105 [Worker-31] INFO  o.e.m.j.i.AbstractJavaProjectConfigurator - Adding source folder /Learners_Academy/src
2022-07-22 12:22:32,105 [Worker-31] INFO  o.e.m.j.i.AbstractJavaProjectConfigurator - Not adding source folder /Learners_Academy/src/test/java because it overlaps with /Learners_Academy/src
2022-07-22 12:22:32,543 [Worker-31] INFO  o.e.m.w.i.f.ResourceFilteringBuildParticipant - Cleaning filtered folder for Learners_Academy
2022-07-22 12:22:32,559 [Worker-31] INFO  o.e.m.c.i.p.ProjectConfigurationManager - Update completed: 1 sec
2022-07-22 12:22:33,090 [Worker-25] WARN  o.e.m.c.i.embedder.EclipseLogger - Using platform encoding (Cp1252 actually) to copy filtered resources, i.e. build is platform dependent!
2022-07-22 12:22:33,090 [Worker-25] INFO  o.e.m.c.i.embedder.EclipseLogger - skip non existing resourceDirectory C:\Users\HRITHIK SANTHOSH\eclipse-workspace\Learners_Academy\src\main\resources
2022-07-22 12:22:33,090 [Worker-25] WARN  o.e.m.c.i.embedder.EclipseLogger - Using platform encoding (Cp1252 actually) to copy filtered resources, i.e. build is platform dependent!
2022-07-22 12:22:33,090 [Worker-25] INFO  o.e.m.c.i.embedder.EclipseLogger - skip non existing resourceDirectory C:\Users\HRITHIK SANTHOSH\eclipse-workspace\Learners_Academy\src\test\resources
2022-07-22 12:22:33,090 [Worker-25] INFO  o.e.m.w.i.f.ResourceFilteringBuildParticipant - Changed resources require a complete clean of filtered resources of Learners_Academy
2022-07-22 12:22:33,090 [Worker-25] INFO  o.e.m.w.i.f.ResourceFilteringBuildParticipant - Executing resource filtering for Learners_Academy
2022-07-22 12:22:33,090 [Worker-25] WARN  o.e.m.c.i.embedder.EclipseLogger - Using platform encoding (Cp1252 actually) to copy filtered resources, i.e. build is platform dependent!
2022-07-22 12:27:29,996 [Worker-34] INFO  o.e.m.c.i.l.LifecycleMappingFactory - Using org.maven.ide.eclipse.wtp.WarLifecycleMapping lifecycle mapping for MavenProject: learner_academy:learner_academy:0.0.1-SNAPSHOT @ C:\Users\HRITHIK SANTHOSH\eclipse-workspace\Learners_Academy\pom.xml.
2022-07-22 12:27:31,117 [Worker-34] WARN  o.e.m.c.i.embedder.EclipseLogger - Using platform encoding (Cp1252 actually) to copy filtered resources, i.e. build is platform dependent!
2022-07-22 12:27:31,117 [Worker-34] INFO  o.e.m.c.i.embedder.EclipseLogger - skip non existing resourceDirectory C:\Users\HRITHIK SANTHOSH\eclipse-workspace\Learners_Academy\src\main\resources
2022-07-22 12:27:31,132 [Worker-34] WARN  o.e.m.c.i.embedder.EclipseLogger - Using platform encoding (Cp1252 actually) to copy filtered resources, i.e. build is platform dependent!
2022-07-22 12:27:31,132 [Worker-34] INFO  o.e.m.c.i.embedder.EclipseLogger - skip non existing resourceDirectory C:\Users\HRITHIK SANTHOSH\eclipse-workspace\Learners_Academy\src\test\resources
2022-07-22 12:27:31,789 [Worker-39] INFO  o.e.m.c.i.l.LifecycleMappingFactory - Using org.maven.ide.eclipse.wtp.WarLifecycleMapping lifecycle mapping for MavenProject: learner_academy:learner_academy:0.0.1-SNAPSHOT @ C:\Users\HRITHIK SANTHOSH\eclipse-workspace\Learners_Academy\pom.xml.
2022-07-22 12:27:32,930 [Worker-40] WARN  o.e.m.c.i.embedder.EclipseLogger - Using platform encoding (Cp1252 actually) to copy filtered resources, i.e. build is platform dependent!
2022-07-22 12:27:32,930 [Worker-40] INFO  o.e.m.c.i.embedder.EclipseLogger - skip non existing resourceDirectory C:\Users\HRITHIK SANTHOSH\eclipse-workspace\Learners_Academy\src\main\resources
2022-07-22 12:27:32,930 [Worker-40] WARN  o.e.m.c.i.embedder.EclipseLogger - Using platform encoding (Cp1252 actually) to copy filtered resources, i.e. build is platform dependent!
2022-07-22 12:27:32,930 [Worker-40] INFO  o.e.m.c.i.embedder.EclipseLogger - skip non existing resourceDirectory C:\Users\HRITHIK SANTHOSH\eclipse-workspace\Learners_Academy\src\test\resources
2022-07-22 12:28:56,974 [Worker-41] WARN  o.e.m.c.i.embedder.EclipseLogger - Using platform encoding (Cp1252 actually) to copy filtered resources, i.e. build is platform dependent!
2022-07-22 12:28:56,990 [Worker-41] INFO  o.e.m.c.i.embedder.EclipseLogger - skip non existing resourceDirectory C:\Users\HRITHIK SANTHOSH\eclipse-workspace\Learners_Academy\src\main\resources
2022-07-22 12:28:56,990 [Worker-41] WARN  o.e.m.c.i.embedder.EclipseLogger - Using platform encoding (Cp1252 actually) to copy filtered resources, i.e. build is platform dependent!
2022-07-22 12:28:56,990 [Worker-41] INFO  o.e.m.c.i.embedder.EclipseLogger - skip non existing resourceDirectory C:\Users\HRITHIK SANTHOSH\eclipse-workspace\Learners_Academy\src\test\resources
2022-07-22 12:30:40,196 [Worker-38] WARN  o.e.m.c.i.embedder.EclipseLogger - Using platform encoding (Cp1252 actually) to copy filtered resources, i.e. build is platform dependent!
2022-07-22 12:30:40,212 [Worker-38] INFO  o.e.m.c.i.embedder.EclipseLogger - skip non existing resourceDirectory C:\Users\HRITHIK SANTHOSH\eclipse-workspace\Learners_Academy\src\main\resources
2022-07-22 12:30:40,212 [Worker-38] WARN  o.e.m.c.i.embedder.EclipseLogger - Using platform encoding (Cp1252 actually) to copy filtered resources, i.e. build is platform dependent!
2022-07-22 12:30:40,212 [Worker-38] INFO  o.e.m.c.i.embedder.EclipseLogger - skip non existing resourceDirectory C:\Users\HRITHIK SANTHOSH\eclipse-workspace\Learners_Academy\src\test\resources
2022-07-22 12:31:09,654 [Worker-43] WARN  o.e.m.c.i.embedder.EclipseLogger - Using platform encoding (Cp1252 actually) to copy filtered resources, i.e. build is platform dependent!
2022-07-22 12:31:09,654 [Worker-43] INFO  o.e.m.c.i.embedder.EclipseLogger - skip non existing resourceDirectory C:\Users\HRITHIK SANTHOSH\eclipse-workspace\Learners_Academy\src\main\resources
2022-07-22 12:31:09,654 [Worker-43] WARN  o.e.m.c.i.embedder.EclipseLogger - Using platform encoding (Cp1252 actually) to copy filtered resources, i.e. build is platform dependent!
2022-07-22 12:31:09,654 [Worker-43] INFO  o.e.m.c.i.embedder.EclipseLogger - skip non existing resourceDirectory C:\Users\HRITHIK SANTHOSH\eclipse-workspace\Learners_Academy\src\test\resources
2022-07-22 12:31:25,443 [Worker-37] WARN  o.e.m.c.i.embedder.EclipseLogger - Using platform encoding (Cp1252 actually) to copy filtered resources, i.e. build is platform dependent!
2022-07-22 12:31:25,445 [Worker-37] INFO  o.e.m.c.i.embedder.EclipseLogger - skip non existing resourceDirectory C:\Users\HRITHIK SANTHOSH\eclipse-workspace\Learners_Academy\src\main\resources
2022-07-22 12:31:25,446 [Worker-37] WARN  o.e.m.c.i.embedder.EclipseLogger - Using platform encoding (Cp1252 actually) to copy filtered resources, i.e. build is platform dependent!
2022-07-22 12:31:25,447 [Worker-37] INFO  o.e.m.c.i.embedder.EclipseLogger - skip non existing resourceDirectory C:\Users\HRITHIK SANTHOSH\eclipse-workspace\Learners_Academy\src\test\resources
2022-07-22 12:31:46,925 [Worker-43] WARN  o.e.m.c.i.embedder.EclipseLogger - Using platform encoding (Cp1252 actually) to copy filtered resources, i.e. build is platform dependent!
2022-07-22 12:31:46,925 [Worker-43] INFO  o.e.m.c.i.embedder.EclipseLogger - skip non existing resourceDirectory C:\Users\HRITHIK SANTHOSH\eclipse-workspace\Learners_Academy\src\main\resources
2022-07-22 12:31:46,925 [Worker-43] WARN  o.e.m.c.i.embedder.EclipseLogger - Using platform encoding (Cp1252 actually) to copy filtered resources, i.e. build is platform dependent!
2022-07-22 12:31:46,925 [Worker-43] INFO  o.e.m.c.i.embedder.EclipseLogger - skip non existing resourceDirectory C:\Users\HRITHIK SANTHOSH\eclipse-workspace\Learners_Academy\src\test\resources
2022-07-22 12:32:03,123 [Worker-34] WARN  o.e.m.c.i.embedder.EclipseLogger - Using platform encoding (Cp1252 actually) to copy filtered resources, i.e. build is platform dependent!
2022-07-22 12:32:03,123 [Worker-34] INFO  o.e.m.c.i.embedder.EclipseLogger - skip non existing resourceDirectory C:\Users\HRITHIK SANTHOSH\eclipse-workspace\Learners_Academy\src\main\resources
2022-07-22 12:32:03,123 [Worker-34] WARN  o.e.m.c.i.embedder.EclipseLogger - Using platform encoding (Cp1252 actually) to copy filtered resources, i.e. build is platform dependent!
2022-07-22 12:32:03,123 [Worker-34] INFO  o.e.m.c.i.embedder.EclipseLogger - skip non existing resourceDirectory C:\Users\HRITHIK SANTHOSH\eclipse-workspace\Learners_Academy\src\test\resources
2022-07-22 12:32:18,133 [Worker-43] WARN  o.e.m.c.i.embedder.EclipseLogger - Using platform encoding (Cp1252 actually) to copy filtered resources, i.e. build is platform dependent!
2022-07-22 12:32:18,149 [Worker-43] INFO  o.e.m.c.i.embedder.EclipseLogger - skip non existing resourceDirectory C:\Users\HRITHIK SANTHOSH\eclipse-workspace\Learners_Academy\src\main\resources
2022-07-22 12:32:18,149 [Worker-43] WARN  o.e.m.c.i.embedder.EclipseLogger - Using platform encoding (Cp1252 actually) to copy filtered resources, i.e. build is platform dependent!
2022-07-22 12:32:18,149 [Worker-43] INFO  o.e.m.c.i.embedder.EclipseLogger - skip non existing resourceDirectory C:\Users\HRITHIK SANTHOSH\eclipse-workspace\Learners_Academy\src\test\resources
2022-07-22 12:32:47,517 [Worker-37] WARN  o.e.m.c.i.embedder.EclipseLogger - Using platform encoding (Cp1252 actually) to copy filtered resources, i.e. build is platform dependent!
2022-07-22 12:32:47,517 [Worker-37] INFO  o.e.m.c.i.embedder.EclipseLogger - skip non existing resourceDirectory C:\Users\HRITHIK SANTHOSH\eclipse-workspace\Learners_Academy\src\main\resources
2022-07-22 12:32:47,517 [Worker-37] WARN  o.e.m.c.i.embedder.EclipseLogger - Using platform encoding (Cp1252 actually) to copy filtered resources, i.e. build is platform dependent!
2022-07-22 12:32:47,517 [Worker-37] INFO  o.e.m.c.i.embedder.EclipseLogger - skip non existing resourceDirectory C:\Users\HRITHIK SANTHOSH\eclipse-workspace\Learners_Academy\src\test\resources
2022-07-22 12:33:13,262 [Worker-37] WARN  o.e.m.c.i.embedder.EclipseLogger - Using platform encoding (Cp1252 actually) to copy filtered resources, i.e. build is platform dependent!
2022-07-22 12:33:13,277 [Worker-37] INFO  o.e.m.c.i.embedder.EclipseLogger - skip non existing resourceDirectory C:\Users\HRITHIK SANTHOSH\eclipse-workspace\Learners_Academy\src\main\resources
2022-07-22 12:33:13,277 [Worker-37] WARN  o.e.m.c.i.embedder.EclipseLogger - Using platform encoding (Cp1252 actually) to copy filtered resources, i.e. build is platform dependent!
2022-07-22 12:33:13,277 [Worker-37] INFO  o.e.m.c.i.embedder.EclipseLogger - skip non existing resourceDirectory C:\Users\HRITHIK SANTHOSH\eclipse-workspace\Learners_Academy\src\test\resources
2022-07-22 13:36:50,454 [Worker-54] INFO  o.e.m.c.i.l.LifecycleMappingFactory - Using org.maven.ide.eclipse.wtp.WarLifecycleMapping lifecycle mapping for MavenProject: learner_academy:learner_academy:0.0.1-SNAPSHOT @ C:\Users\HRITHIK SANTHOSH\eclipse-workspace\Learners_Academy\pom.xml.
2022-07-22 13:36:52,154 [Worker-54] WARN  o.e.m.c.i.embedder.EclipseLogger - Using platform encoding (Cp1252 actually) to copy filtered resources, i.e. build is platform dependent!
2022-07-22 13:36:52,155 [Worker-54] INFO  o.e.m.c.i.embedder.EclipseLogger - skip non existing resourceDirectory C:\Users\HRITHIK SANTHOSH\eclipse-workspace\Learners_Academy\src\main\resources
2022-07-22 13:36:52,238 [Worker-54] WARN  o.e.m.c.i.embedder.EclipseLogger - Using platform encoding (Cp1252 actually) to copy filtered resources, i.e. build is platform dependent!
2022-07-22 13:36:52,239 [Worker-54] INFO  o.e.m.c.i.embedder.EclipseLogger - skip non existing resourceDirectory C:\Users\HRITHIK SANTHOSH\eclipse-workspace\Learners_Academy\src\test\resources
2022-07-22 13:36:53,520 [Worker-54] INFO  o.e.m.c.i.l.LifecycleMappingFactory - Using org.maven.ide.eclipse.wtp.WarLifecycleMapping lifecycle mapping for MavenProject: learner_academy:learner_academy:0.0.1-SNAPSHOT @ C:\Users\HRITHIK SANTHOSH\eclipse-workspace\Learners_Academy\pom.xml.
2022-07-22 13:36:54,544 [Worker-58] WARN  o.e.m.c.i.embedder.EclipseLogger - Using platform encoding (Cp1252 actually) to copy filtered resources, i.e. build is platform dependent!
2022-07-22 13:36:54,545 [Worker-58] INFO  o.e.m.c.i.embedder.EclipseLogger - skip non existing resourceDirectory C:\Users\HRITHIK SANTHOSH\eclipse-workspace\Learners_Academy\src\main\resources
2022-07-22 13:36:54,547 [Worker-58] WARN  o.e.m.c.i.embedder.EclipseLogger - Using platform encoding (Cp1252 actually) to copy filtered resources, i.e. build is platform dependent!
